<?xml version="1.0" encoding="UTF-8"?>
<!-- Generated by org.testng.reporters.JUnitReportReporter -->
<testsuite skipped="0" hostname="AALT" name="com.tanmaysarkar.demo.TestTanmay" tests="5" failures="0" timestamp="10 Apr 2018 19:51:28 GMT" time="5.126" errors="0">
  <testcase name="f" time="0.987" classname="com.tanmaysarkar.demo.TestTanmay"/>
  <testcase name="f" time="1.006" classname="com.tanmaysarkar.demo.TestTanmay"/>
  <testcase name="f" time="1.195" classname="com.tanmaysarkar.demo.TestTanmay"/>
  <testcase name="f" time="0.989" classname="com.tanmaysarkar.demo.TestTanmay"/>
  <testcase name="f" time="0.949" classname="com.tanmaysarkar.demo.TestTanmay"/>
</testsuite> <!-- com.tanmaysarkar.demo.TestTanmay -->
