<?xml version="1.0" encoding="UTF-8"?>
<!-- Generated by org.testng.reporters.JUnitReportReporter -->
<testsuite skipped="0" hostname="AALT" name="com.tanmaysarkar.demo.TestTanmay" tests="4" failures="0" timestamp="09 Apr 2018 20:03:19 GMT" time="3.579" errors="0">
  <testcase name="f" time="0.794" classname="com.tanmaysarkar.demo.TestTanmay"/>
  <testcase name="f" time="1.233" classname="com.tanmaysarkar.demo.TestTanmay"/>
  <testcase name="f" time="0.337" classname="com.tanmaysarkar.demo.TestTanmay"/>
  <testcase name="f" time="1.215" classname="com.tanmaysarkar.demo.TestTanmay"/>
</testsuite> <!-- com.tanmaysarkar.demo.TestTanmay -->
